[23:07:39] [Client thread/INFO]: Setting user: Player642
[23:07:39] [Client thread/INFO]: (Session ID is token:0:Player642)
[23:07:44] [Client thread/INFO]: [OptiFine] *** Reflector Forge ***
[23:07:44] [Client thread/INFO]: [OptiFine] *** Reflector Vanilla ***
[23:07:44] [Client thread/INFO]: [OptiFine] (Reflector) Class not present: net.minecraftforge.fml.common.eventhandler.Event$Result
[23:07:44] [Client thread/INFO]: [OptiFine] (Reflector) Class not present: net.minecraft.launchwrapper.Launch
[23:07:44] [Client thread/INFO]: LWJGL Version: 2.9.4
[23:07:46] [Client thread/INFO]: [OptiFine] 
[23:07:46] [Client thread/INFO]: [OptiFine] OptiFine_1.8.9_HD_U_M5
[23:07:46] [Client thread/INFO]: [OptiFine] Build: null
[23:07:46] [Client thread/INFO]: [OptiFine] OS: Windows 10 (amd64) version 10.0
[23:07:46] [Client thread/INFO]: [OptiFine] Java: 1.8.0_341, Oracle Corporation
[23:07:46] [Client thread/INFO]: [OptiFine] VM: Java HotSpot(TM) 64-Bit Server VM (mixed mode), Oracle Corporation
[23:07:46] [Client thread/INFO]: [OptiFine] LWJGL: 2.9.4
[23:07:46] [Client thread/INFO]: [OptiFine] OpenGL: AMD Radeon HD 6410D, version 4.5.13399 Compatibility Profile Context 15.201.1151.0, ATI Technologies Inc.
[23:07:46] [Client thread/INFO]: [OptiFine] OpenGL Version: 4.5.13399
[23:07:46] [Client thread/INFO]: [OptiFine] OpenGL Fancy fog: Not available (GL_NV_fog_distance)
[23:07:46] [Client thread/INFO]: [OptiFine] Maximum texture size: 16384x16384
[23:07:47] [Client thread/INFO]: [Shaders] OpenGL Version: 4.5.13399 Compatibility Profile Context 15.201.1151.0
[23:07:47] [Client thread/INFO]: [Shaders] Vendor:  ATI Technologies Inc.
[23:07:47] [Client thread/INFO]: [Shaders] Renderer: AMD Radeon HD 6410D
[23:07:47] [Client thread/INFO]: [Shaders] Capabilities:  2.0  2.1  3.0  3.2  4.0 
[23:07:47] [Client thread/INFO]: [Shaders] GL_MAX_DRAW_BUFFERS: 8
[23:07:47] [Client thread/INFO]: [Shaders] GL_MAX_COLOR_ATTACHMENTS_EXT: 8
[23:07:47] [Client thread/INFO]: [Shaders] GL_MAX_TEXTURE_IMAGE_UNITS: 18
[23:07:47] [Client thread/INFO]: [Shaders] Load shaders configuration.
[23:07:47] [Client thread/INFO]: [Shaders] Save shaders configuration.
[23:07:47] [Client thread/INFO]: [Shaders] No shaderpack loaded.
[23:07:47] [VersionCheck/INFO]: [OptiFine] Checking for new version
[23:07:47] [Client thread/INFO]: [OptiFine] (Reflector) Class not present: net.minecraftforge.fml.common.Loader
[23:07:47] [VersionCheck/INFO]: [OptiFine] Version found: M5
[23:07:48] [Client thread/INFO]: [OptiFine] (Reflector) Class not present: net.minecraftforge.fml.client.SplashProgress
[23:07:48] [Client thread/INFO]: Reloading ResourceManager: Default
[23:07:48] [Client thread/INFO]: [OptiFine] (Reflector) Class not present: optifine.OptiFineClassTransformer
[23:07:48] [Client thread/INFO]: [OptiFine] *** Reloading textures ***
[23:07:48] [Client thread/INFO]: [OptiFine] Resource packs: Default
[23:07:48] [Client thread/INFO]: [OptiFine] (Reflector) Class not present: net.minecraftforge.client.model.Attributes
[23:07:48] [Client thread/INFO]: [OptiFine] (Reflector) Method not present: net.minecraft.client.renderer.vertex.VertexFormatElement$EnumUsage.preDraw
[23:07:48] [Client thread/INFO]: [OptiFine] (Reflector) Method not present: net.minecraft.client.renderer.vertex.VertexFormatElement$EnumUsage.postDraw
[23:07:48] [Sound Library Loader/INFO]: Starting up SoundSystem...
[23:07:49] [Thread-6/INFO]: Initializing LWJGL OpenAL
[23:07:49] [Thread-6/INFO]: (The LWJGL binding of OpenAL.  For more information, see http://www.lwjgl.org)
[23:07:50] [Thread-6/ERROR]: Error in class 'LibraryLWJGLOpenAL'
[23:07:50] [Thread-6/ERROR]: Unable to initialize OpenAL.  Probable cause: OpenAL not supported.
[23:07:50] [Thread-6/WARN]: ERROR MESSAGE:
[23:07:50] [Thread-6/INFO]: Could not locate OpenAL library.
[23:07:50] [Thread-6/WARN]: STACK TRACE:
[23:07:50] [Thread-6/INFO]: org.lwjgl.openal.AL.create(AL.java:156)
[23:07:50] [Thread-6/INFO]: org.lwjgl.openal.AL.create(AL.java:102)
[23:07:50] [Thread-6/INFO]: org.lwjgl.openal.AL.create(AL.java:206)
[23:07:50] [Thread-6/INFO]: paulscode.sound.libraries.LibraryLWJGLOpenAL.init(LibraryLWJGLOpenAL.java:164)
[23:07:50] [Thread-6/INFO]: paulscode.sound.SoundSystem.CommandNewLibrary(SoundSystem.java:1576)
[23:07:50] [Thread-6/INFO]: paulscode.sound.SoundSystem.CommandQueue(SoundSystem.java:2572)
[23:07:50] [Thread-6/INFO]: paulscode.sound.CommandThread.run(CommandThread.java:121)
[23:07:50] [Sound Library Loader/WARN]: ERROR MESSAGE:
[23:07:50] [Sound Library Loader/INFO]: Could not locate OpenAL library.
[23:07:50] [Sound Library Loader/INFO]: Starting up SoundSystem...
[23:07:50] [Thread-8/INFO]: Switching to No Sound
[23:07:50] [Thread-8/INFO]: (Silent Mode)
[23:07:51] [Sound Library Loader/INFO]: Sound engine started
[23:07:54] [Client thread/INFO]: [OptiFine] (Reflector) Class not present: net.minecraftforge.client.ForgeHooksClient
[23:07:57] [Client thread/INFO]: [OptiFine] Mipmap levels: 4
[23:07:57] [Client thread/INFO]: [OptiFine] Multitexture: false
[23:07:58] [Client thread/INFO]: [OptiFine] ConnectedTextures: mcpatcher/ctm/default/0_glass_white/glass_pane_white.properties
[23:07:58] [Client thread/INFO]: [OptiFine] ConnectedTextures: mcpatcher/ctm/default/0_glass_white/glass_white.properties
[23:07:58] [Client thread/INFO]: [OptiFine] ConnectedTextures: mcpatcher/ctm/default/10_glass_purple/glass_pane_purple.properties
[23:07:58] [Client thread/INFO]: [OptiFine] ConnectedTextures: mcpatcher/ctm/default/10_glass_purple/glass_purple.properties
[23:07:58] [Client thread/INFO]: [OptiFine] ConnectedTextures: mcpatcher/ctm/default/11_glass_blue/glass_blue.properties
[23:07:58] [Client thread/INFO]: [OptiFine] ConnectedTextures: mcpatcher/ctm/default/11_glass_blue/glass_pane_blue.properties
[23:07:58] [Client thread/INFO]: [OptiFine] ConnectedTextures: mcpatcher/ctm/default/12_glass_brown/glass_brown.properties
[23:07:58] [Client thread/INFO]: [OptiFine] ConnectedTextures: mcpatcher/ctm/default/12_glass_brown/glass_pane_brown.properties
[23:07:58] [Client thread/INFO]: [OptiFine] ConnectedTextures: mcpatcher/ctm/default/13_glass_green/glass_green.properties
[23:07:58] [Client thread/INFO]: [OptiFine] ConnectedTextures: mcpatcher/ctm/default/13_glass_green/glass_pane_green.properties
[23:07:58] [Client thread/INFO]: [OptiFine] ConnectedTextures: mcpatcher/ctm/default/14_glass_red/glass_pane_red.properties
[23:07:58] [Client thread/INFO]: [OptiFine] ConnectedTextures: mcpatcher/ctm/default/14_glass_red/glass_red.properties
[23:07:58] [Client thread/INFO]: [OptiFine] ConnectedTextures: mcpatcher/ctm/default/15_glass_black/glass_black.properties
[23:07:58] [Client thread/INFO]: [OptiFine] ConnectedTextures: mcpatcher/ctm/default/15_glass_black/glass_pane_black.properties
[23:07:58] [Client thread/INFO]: [OptiFine] ConnectedTextures: mcpatcher/ctm/default/1_glass_orange/glass_orange.properties
[23:07:58] [Client thread/INFO]: [OptiFine] ConnectedTextures: mcpatcher/ctm/default/1_glass_orange/glass_pane_orange.properties
[23:07:58] [Client thread/INFO]: [OptiFine] ConnectedTextures: mcpatcher/ctm/default/2_glass_magenta/glass_magenta.properties
[23:07:58] [Client thread/INFO]: [OptiFine] ConnectedTextures: mcpatcher/ctm/default/2_glass_magenta/glass_pane_magenta.properties
[23:07:58] [Client thread/INFO]: [OptiFine] ConnectedTextures: mcpatcher/ctm/default/3_glass_light_blue/glass_light_blue.properties
[23:07:58] [Client thread/INFO]: [OptiFine] ConnectedTextures: mcpatcher/ctm/default/3_glass_light_blue/glass_pane_light_blue.properties
[23:07:58] [Client thread/INFO]: [OptiFine] ConnectedTextures: mcpatcher/ctm/default/4_glass_yellow/glass_pane_yellow.properties
[23:07:58] [Client thread/INFO]: [OptiFine] ConnectedTextures: mcpatcher/ctm/default/4_glass_yellow/glass_yellow.properties
[23:07:58] [Client thread/INFO]: [OptiFine] ConnectedTextures: mcpatcher/ctm/default/5_glass_lime/glass_lime.properties
[23:07:58] [Client thread/INFO]: [OptiFine] ConnectedTextures: mcpatcher/ctm/default/5_glass_lime/glass_pane_lime.properties
[23:07:58] [Client thread/INFO]: [OptiFine] ConnectedTextures: mcpatcher/ctm/default/6_glass_pink/glass_pane_pink.properties
[23:07:58] [Client thread/INFO]: [OptiFine] ConnectedTextures: mcpatcher/ctm/default/6_glass_pink/glass_pink.properties
[23:07:58] [Client thread/INFO]: [OptiFine] ConnectedTextures: mcpatcher/ctm/default/7_glass_gray/glass_gray.properties
[23:07:58] [Client thread/INFO]: [OptiFine] ConnectedTextures: mcpatcher/ctm/default/7_glass_gray/glass_pane_gray.properties
[23:07:58] [Client thread/INFO]: [OptiFine] ConnectedTextures: mcpatcher/ctm/default/8_glass_silver/glass_pane_silver.properties
[23:07:58] [Client thread/INFO]: [OptiFine] ConnectedTextures: mcpatcher/ctm/default/8_glass_silver/glass_silver.properties
[23:07:58] [Client thread/INFO]: [OptiFine] ConnectedTextures: mcpatcher/ctm/default/9_glass_cyan/glass_cyan.properties
[23:07:58] [Client thread/INFO]: [OptiFine] ConnectedTextures: mcpatcher/ctm/default/9_glass_cyan/glass_pane_cyan.properties
[23:07:58] [Client thread/INFO]: [OptiFine] ConnectedTextures: mcpatcher/ctm/default/bookshelf.properties
[23:07:58] [Client thread/INFO]: [OptiFine] ConnectedTextures: mcpatcher/ctm/default/glass.properties
[23:07:58] [Client thread/INFO]: [OptiFine] ConnectedTextures: mcpatcher/ctm/default/glasspane.properties
[23:07:58] [Client thread/INFO]: [OptiFine] ConnectedTextures: mcpatcher/ctm/default/sandstone.properties
[23:07:58] [Client thread/INFO]: [OptiFine] Multipass connected textures: false
[23:07:58] [Client thread/INFO]: [OptiFine] BetterGrass: Parsing default configuration optifine/bettergrass.properties
[23:08:02] [Client thread/INFO]: Created: 1024x512 textures-atlas
[23:08:02] [Client thread/INFO]: [OptiFine] Animated sprites: 11
[23:08:03] [Client thread/INFO]: [OptiFine] (Reflector) Class not present: net.minecraftforge.client.model.ModelLoader
[23:08:03] [Client thread/INFO]: [OptiFine] (Reflector) Class not present: net.minecraftforge.client.ItemModelMesherForge
[23:08:03] [Client thread/INFO]: [OptiFine] (Reflector) Class not present: net.minecraftforge.fml.client.registry.RenderingRegistry
[23:08:03] [Client thread/INFO]: [OptiFine] (Reflector) Class not present: net.minecraftforge.common.ForgeModContainer
[23:08:03] [Client thread/INFO]: [OptiFine] (Reflector) Class not present: net.minecraftforge.fml.client.GuiModList
[23:08:03] [Client thread/INFO]: [OptiFine] (Reflector) Class not present: mods.betterfoliage.client.BetterFoliageClient
[23:08:03] [Client thread/INFO]: [OptiFine] (Reflector) Class not present: net.minecraftforge.fml.common.asm.transformers.BlamingTransformer
[23:08:03] [Client thread/INFO]: [OptiFine] (Reflector) Class not present: net.minecraftforge.event.world.ChunkWatchEvent$UnWatch
[23:08:03] [Client thread/INFO]: [OptiFine] (Reflector) Class not present: net.minecraftforge.fml.relauncher.CoreModManager
[23:08:03] [Client thread/INFO]: [OptiFine] (Reflector) Class not present: net.minecraftforge.common.DimensionManager
[23:08:03] [Client thread/INFO]: [OptiFine] (Reflector) Class not present: net.minecraftforge.client.event.GuiScreenEvent$DrawScreenEvent$Pre
[23:08:03] [Client thread/INFO]: [OptiFine] (Reflector) Class not present: net.minecraftforge.client.event.GuiScreenEvent$DrawScreenEvent$Post
[23:08:03] [Client thread/INFO]: [OptiFine] (Reflector) Class not present: net.minecraftforge.client.event.EntityViewRenderEvent$CameraSetup
[23:08:03] [Client thread/INFO]: [OptiFine] (Reflector) Class not present: net.minecraftforge.client.event.EntityViewRenderEvent$FogColors
[23:08:03] [Client thread/INFO]: [OptiFine] (Reflector) Class not present: net.minecraftforge.fml.common.eventhandler.Event
[23:08:03] [Client thread/INFO]: [OptiFine] (Reflector) Class not present: net.minecraftforge.fml.common.eventhandler.EventBus
[23:08:03] [Client thread/INFO]: [OptiFine] (Reflector) Class not present: net.minecraftforge.common.property.ExtendedBlockState
[23:08:03] [Client thread/INFO]: [OptiFine] (Reflector) Class not present: net.minecraftforge.fml.client.FMLClientHandler
[23:08:03] [Client thread/INFO]: [OptiFine] (Reflector) Class not present: net.minecraftforge.fml.common.FMLCommonHandler
[23:08:03] [Client thread/INFO]: [OptiFine] (Reflector) Method not present: net.minecraft.world.biome.BiomeGenBase.getWaterColorMultiplier
[23:08:03] [Client thread/INFO]: [OptiFine] (Reflector) Method not present: net.minecraft.block.Block.addDestroyEffects
[23:08:03] [Client thread/INFO]: [OptiFine] (Reflector) Method not present: net.minecraft.block.Block.addHitEffects
[23:08:03] [Client thread/INFO]: [OptiFine] (Reflector) Method not present: net.minecraft.block.Block.canCreatureSpawn
[23:08:03] [Client thread/INFO]: [OptiFine] (Reflector) Method not present: net.minecraft.block.Block.canRenderInLayer
[23:08:03] [Client thread/INFO]: [OptiFine] (Reflector) Method not present: net.minecraft.block.Block.doesSideBlockRendering
[23:08:03] [Client thread/INFO]: [OptiFine] (Reflector) Method not present: net.minecraft.block.Block.getBedDirection
[23:08:03] [Client thread/INFO]: [OptiFine] (Reflector) Method not present: net.minecraft.block.Block.getExtendedState
[23:08:03] [Client thread/INFO]: [OptiFine] (Reflector) Method not present: net.minecraft.block.Block.getLightOpacity
[23:08:03] [Client thread/INFO]: [OptiFine] (Reflector) Method not present: net.minecraft.block.Block.getLightValue
[23:08:03] [Client thread/INFO]: [OptiFine] (Reflector) Method not present: net.minecraft.block.Block.hasTileEntity
[23:08:03] [Client thread/INFO]: [OptiFine] (Reflector) Method not present: net.minecraft.block.Block.isAir
[23:08:03] [Client thread/INFO]: [OptiFine] (Reflector) Method not present: net.minecraft.block.Block.isBed
[23:08:03] [Client thread/INFO]: [OptiFine] (Reflector) Method not present: net.minecraft.block.Block.isBedFoot
[23:08:03] [Client thread/INFO]: [OptiFine] (Reflector) Method not present: net.minecraft.block.Block.isSideSolid
[23:08:03] [Client thread/INFO]: [OptiFine] (Reflector) Method not present: net.minecraft.world.ChunkCache.isSideSolid
[23:08:03] [Client thread/INFO]: [OptiFine] (Reflector) Method not present: net.minecraft.entity.Entity.canRiderInteract
[23:08:03] [Client thread/INFO]: [OptiFine] (Reflector) Field not present: net.minecraft.entity.Entity.captureDrops
[23:08:03] [Client thread/INFO]: [OptiFine] (Reflector) Field not present: net.minecraft.entity.Entity.capturedDrops
[23:08:03] [Client thread/INFO]: [OptiFine] (Reflector) Method not present: net.minecraft.entity.Entity.shouldRenderInPass
[23:08:03] [Client thread/INFO]: [OptiFine] (Reflector) Method not present: net.minecraft.entity.Entity.shouldRiderSit
[23:08:03] [Client thread/INFO]: [OptiFine] (Reflector) Class not present: net.minecraftforge.event.ForgeEventFactory
[23:08:03] [Client thread/INFO]: [OptiFine] (Reflector) Class not present: net.minecraftforge.common.ForgeHooks
[23:08:03] [Client thread/INFO]: [OptiFine] (Reflector) Field not present: net.minecraft.item.Item.delegate
[23:08:03] [Client thread/INFO]: [OptiFine] (Reflector) Method not present: net.minecraft.item.Item.getDurabilityForDisplay
[23:08:03] [Client thread/INFO]: [OptiFine] (Reflector) Method not present: net.minecraft.item.Item.getModel
[23:08:03] [Client thread/INFO]: [OptiFine] (Reflector) Method not present: net.minecraft.item.Item.onEntitySwing
[23:08:03] [Client thread/INFO]: [OptiFine] (Reflector) Method not present: net.minecraft.item.Item.shouldCauseReequipAnimation
[23:08:03] [Client thread/INFO]: [OptiFine] (Reflector) Method not present: net.minecraft.item.Item.showDurabilityBar
[23:08:03] [Client thread/INFO]: [OptiFine] (Reflector) Method not present: net.minecraft.potion.PotionEffect.isCurativeItem
[23:08:03] [Client thread/INFO]: [OptiFine] (Reflector) Method not present: net.minecraft.tileentity.TileEntity.canRenderBreaking
[23:08:03] [Client thread/INFO]: [OptiFine] (Reflector) Method not present: net.minecraft.tileentity.TileEntity.getRenderBoundingBox
[23:08:03] [Client thread/INFO]: [OptiFine] (Reflector) Method not present: net.minecraft.tileentity.TileEntity.hasFastRenderer
[23:08:03] [Client thread/INFO]: [OptiFine] (Reflector) Method not present: net.minecraft.tileentity.TileEntity.shouldRenderInPass
[23:08:03] [Client thread/INFO]: [OptiFine] (Reflector) Method not present: net.minecraft.world.World.countEntities
[23:08:03] [Client thread/INFO]: [OptiFine] (Reflector) Method not present: net.minecraft.world.World.getPerWorldStorage
[23:08:03] [Client thread/INFO]: [OptiFine] (Reflector) Method not present: net.minecraft.world.WorldProvider.getCloudRenderer
[23:08:03] [Client thread/INFO]: [OptiFine] (Reflector) Method not present: net.minecraft.world.WorldProvider.getSkyRenderer
[23:08:03] [Client thread/INFO]: [OptiFine] (Reflector) Method not present: net.minecraft.world.WorldProvider.getWeatherRenderer
[23:08:03] [Client thread/INFO]: [OptiFine] (Reflector) Method not present: net.minecraft.world.WorldProvider.getSaveFolder
[23:08:03] [Client thread/INFO]: [OptiFine] (Reflector) Class not present: net.minecraftforge.client.model.IColoredBakedQuad
[23:08:03] [Client thread/INFO]: [OptiFine] (Reflector) Class not present: net.minecraftforge.common.property.IExtendedBlockState
[23:08:03] [Client thread/INFO]: [OptiFine] (Reflector) Class not present: net.minecraftforge.client.model.IModel
[23:08:03] [Client thread/INFO]: [OptiFine] (Reflector) Class not present: net.minecraftforge.client.IRenderHandler
[23:08:03] [Client thread/INFO]: [OptiFine] (Reflector) Class not present: net.minecraftforge.client.model.pipeline.LightUtil
[23:08:03] [Client thread/INFO]: [OptiFine] (Reflector) Class not present: net.minecraftforge.common.MinecraftForge
[23:08:03] [Client thread/INFO]: [OptiFine] (Reflector) Class not present: net.minecraftforge.client.MinecraftForgeClient
[23:08:03] [Client thread/INFO]: [OptiFine] (Reflector) Class not present: net.minecraftforge.fml.common.ModContainer
[23:08:03] [Client thread/INFO]: [OptiFine] (Reflector) Class not present: net.minecraftforge.client.model.ModelLoader$VanillaLoader
[23:08:03] [Client thread/INFO]: [OptiFine] (Reflector) Class not present: net.minecraftforge.client.event.RenderBlockOverlayEvent$OverlayType
[23:08:03] [Client thread/INFO]: [OptiFine] (Reflector) Class not present: net.minecraftforge.client.event.RenderItemInFrameEvent
[23:08:03] [Client thread/INFO]: [OptiFine] (Reflector) Class not present: net.minecraftforge.client.event.RenderLivingEvent$Pre
[23:08:03] [Client thread/INFO]: [OptiFine] (Reflector) Class not present: net.minecraftforge.client.event.RenderLivingEvent$Post
[23:08:03] [Client thread/INFO]: [OptiFine] (Reflector) Class not present: net.minecraftforge.client.event.RenderLivingEvent$Specials$Pre
[23:08:03] [Client thread/INFO]: [OptiFine] (Reflector) Class not present: net.minecraftforge.client.event.RenderLivingEvent$Specials$Post
[23:08:03] [Client thread/INFO]: [OptiFine] (Reflector) Class not present: net.minecraftforge.event.world.WorldEvent$Load
[23:08:03] [Client thread/INFO]: [OptiFine] *** Reloading custom textures ***
[23:08:03] [Client thread/INFO]: [OptiFine] Enable face culling: acacia_leaves, birch_leaves, dark_oak_leaves, jungle_leaves, oak_leaves, spruce_leaves
[23:08:47] [Server thread/INFO]: Starting integrated minecraft server version 1.9
[23:08:47] [Server thread/INFO]: Generating keypair
[23:08:48] [Server thread/INFO]: Preparing start region for level 0
[23:08:49] [Server thread/INFO]: Preparing spawn area: 89%
[23:08:49] [Server thread/INFO]: Changing view distance to 2, from 10
[23:08:49] [Server thread/INFO]: Player642[local:E:978473a8] logged in with entity id 0 at (-790.8970119469207, 56.0, -100.30827282283391)
[23:08:49] [Server thread/INFO]: Player642 joined the game
[23:08:54] [Server thread/INFO]: Player642 has just earned the achievement [Taking Inventory]
[23:08:55] [Client thread/INFO]: [CHAT] Player642 has just earned the achievement [Taking Inventory]
[23:08:55] [Texture Downloader #1/ERROR]: Couldn't download http texture: java.net.SocketTimeoutException: connect timed out
[23:09:13] [Server thread/WARN]: Can't keep up! Did the system time change, or is the server overloaded? Running 2262ms behind, skipping 45 tick(s)
[23:09:36] [Client thread/INFO]: [CHAT] You do not have permission to use this command
[23:09:40] [Server thread/INFO]: Saving and pausing game...
[23:09:40] [Server thread/INFO]: Saving chunks for level 'New World'/Overworld
[23:09:41] [Server thread/INFO]: Saving chunks for level 'New World'/Nether
[23:09:41] [Server thread/INFO]: Saving chunks for level 'New World'/The End
[23:09:44] [Client thread/INFO]: Using default channel type
[23:09:45] [Client thread/INFO]: Started on 55968
[23:09:45] [Client thread/INFO]: [CHAT] Local game hosted on port 55968
[23:10:00] [Client thread/INFO]: [CHAT] doDaylightCycle, doEntityDrops, doFireTick, doMobLoot, doMobSpawning, doTileDrops
[23:10:01] [Client thread/INFO]: [CHAT] doDaylightCycle = true
[23:10:03] [Server thread/INFO]: [Player642: Game rule has been updated]
[23:10:03] [Client thread/INFO]: [CHAT] Game rule has been updated
[23:15:18] [Server thread/WARN]: Can't keep up! Did the system time change, or is the server overloaded? Running 2566ms behind, skipping 51 tick(s)
[23:17:11] [Server thread/WARN]: Can't keep up! Did the system time change, or is the server overloaded? Running 2587ms behind, skipping 51 tick(s)
[23:17:49] [Server thread/WARN]: Can't keep up! Did the system time change, or is the server overloaded? Running 4175ms behind, skipping 83 tick(s)
[23:18:02] [Server thread/WARN]: Can't keep up! Did the system time change, or is the server overloaded? Running 2108ms behind, skipping 42 tick(s)
[23:18:19] [Server thread/WARN]: Can't keep up! Did the system time change, or is the server overloaded? Running 3151ms behind, skipping 63 tick(s)
[23:18:44] [Server thread/WARN]: Can't keep up! Did the system time change, or is the server overloaded? Running 2216ms behind, skipping 44 tick(s)
[23:19:02] [Server thread/WARN]: Can't keep up! Did the system time change, or is the server overloaded? Running 3635ms behind, skipping 72 tick(s)
[23:19:17] [Server thread/WARN]: Can't keep up! Did the system time change, or is the server overloaded? Running 2024ms behind, skipping 40 tick(s)
[23:19:40] [Server thread/WARN]: Can't keep up! Did the system time change, or is the server overloaded? Running 2329ms behind, skipping 46 tick(s)
[23:21:49] [Server thread/WARN]: Can't keep up! Did the system time change, or is the server overloaded? Running 3567ms behind, skipping 71 tick(s)
[23:24:49] [Server thread/WARN]: Can't keep up! Did the system time change, or is the server overloaded? Running 2299ms behind, skipping 45 tick(s)
[23:28:47] [Server thread/INFO]: Player642 lost connection: TextComponent{text='Disconnected', siblings=[], style=Style{hasParent=false, color=null, bold=null, italic=null, underlined=null, obfuscated=null, clickEvent=null, hoverEvent=null, insertion=null}}
[23:28:47] [Server thread/INFO]: Player642 left the game
[23:28:47] [Server thread/INFO]: Stopping singleplayer server as player logged out
[23:28:47] [Server thread/INFO]: Stopping server
[23:28:47] [Server thread/INFO]: Saving players
[23:28:47] [Server thread/INFO]: Saving worlds
[23:28:47] [Server thread/INFO]: Saving chunks for level 'New World'/Overworld
[23:28:47] [Server thread/INFO]: Saving chunks for level 'New World'/Nether
[23:28:47] [Server thread/INFO]: Saving chunks for level 'New World'/The End
